[35m[1mScanning dependencies of target _ari_pkg_generate_messages_check_deps_msgs[0m
[35m[1mScanning dependencies of target std_msgs_generate_messages_lisp[0m
[35m[1mScanning dependencies of target std_msgs_generate_messages_cpp[0m
[35m[1mScanning dependencies of target std_msgs_generate_messages_nodejs[0m
[35m[1mScanning dependencies of target std_msgs_generate_messages_eus[0m
[35m[1mScanning dependencies of target std_msgs_generate_messages_py[0m
[  0%] Built target std_msgs_generate_messages_lisp
[  0%] Built target std_msgs_generate_messages_cpp
[  0%] Built target std_msgs_generate_messages_nodejs
[  0%] Built target std_msgs_generate_messages_eus
[  0%] Built target std_msgs_generate_messages_py
[  0%] Built target _ari_pkg_generate_messages_check_deps_msgs
[35m[1mScanning dependencies of target ari_pkg_generate_messages_nodejs[0m
[35m[1mScanning dependencies of target ari_pkg_generate_messages_cpp[0m
[35m[1mScanning dependencies of target ari_pkg_generate_messages_lisp[0m
[35m[1mScanning dependencies of target ari_pkg_generate_messages_eus[0m
[35m[1mScanning dependencies of target ari_pkg_generate_messages_py[0m
[ 14%] [34m[1mGenerating Javascript code from ari_pkg/msgs.srv[0m
[ 28%] [34m[1mGenerating C++ code from ari_pkg/msgs.srv[0m
[ 42%] [34m[1mGenerating EusLisp code from ari_pkg/msgs.srv[0m
[ 71%] [34m[1mGenerating Lisp code from ari_pkg/msgs.srv[0m
[ 71%] [34m[1mGenerating EusLisp manifest code for ari_pkg[0m
[ 85%] [34m[1mGenerating Python code from SRV ari_pkg/msgs[0m
[ 85%] Built target ari_pkg_generate_messages_lisp
[ 85%] Built target ari_pkg_generate_messages_nodejs
[100%] [34m[1mGenerating Python srv __init__.py for ari_pkg[0m
[100%] Built target ari_pkg_generate_messages_py
[100%] Built target ari_pkg_generate_messages_cpp
[100%] Built target ari_pkg_generate_messages_eus
[35m[1mScanning dependencies of target ari_pkg_generate_messages[0m
[100%] Built target ari_pkg_generate_messages
