CMake Deprecation Warning at /usr/src/googletest/CMakeLists.txt:1 (cmake_minimum_required):
  Compatibility with CMake < 2.8.12 will be removed from a future version of
  CMake.

  Update the VERSION argument <min> value or use a ...<max> suffix to tell
  CMake that the project does not need compatibility with older versions.


CMake Deprecation Warning at /usr/src/googletest/googlemock/CMakeLists.txt:41 (cmake_minimum_required):
  Compatibility with CMake < 2.8.12 will be removed from a future version of
  CMake.

  Update the VERSION argument <min> value or use a ...<max> suffix to tell
  CMake that the project does not need compatibility with older versions.


CMake Deprecation Warning at /usr/src/googletest/googletest/CMakeLists.txt:48 (cmake_minimum_required):
  Compatibility with CMake < 2.8.12 will be removed from a future version of
  CMake.

  Update the VERSION argument <min> value or use a ...<max> suffix to tell
  CMake that the project does not need compatibility with older versions.


[31m[1mCMake Error[0m at /opt/ros/melodic/share/genmsg/cmake/genmsg-extras.cmake:197 (message):
  generate_messages() must be called before catkin_package() in project
  'ari_pkg'
[36mCall Stack (most recent call first):[0m
  CMakeLists.txt:25 (generate_messages)


make: *** [cmake_check_build_system] Error 1
