Symlinking /home/user/exchange/ARI_ws/devel/share/gennodejs/ros/ari_pkg/_index.js
Symlinking /home/user/exchange/ARI_ws/devel/share/gennodejs/ros/ari_pkg/srv/_index.js
Symlinking /home/user/exchange/ARI_ws/devel/share/gennodejs/ros/ari_pkg/srv/msgs.js
Linked: (/home/user/exchange/ARI_ws/devel/.private/ari_pkg/share/ari_pkg/cmake/ari_pkgConfig-version.cmake, /home/user/exchange/ARI_ws/devel/share/ari_pkg/cmake/ari_pkgConfig-version.cmake)
Linked: (/home/user/exchange/ARI_ws/devel/.private/ari_pkg/share/ari_pkg/cmake/ari_pkgConfig.cmake, /home/user/exchange/ARI_ws/devel/share/ari_pkg/cmake/ari_pkgConfig.cmake)
Symlinking /home/user/exchange/ARI_ws/devel/share/ari_pkg/cmake/ari_pkg-msg-paths.cmake
Symlinking /home/user/exchange/ARI_ws/devel/share/ari_pkg/cmake/ari_pkg-msg-extras.cmake
Symlinking /home/user/exchange/ARI_ws/devel/share/common-lisp/ros/ari_pkg/srv/_package.lisp
Symlinking /home/user/exchange/ARI_ws/devel/share/common-lisp/ros/ari_pkg/srv/ari_pkg-srv.asd
Symlinking /home/user/exchange/ARI_ws/devel/share/common-lisp/ros/ari_pkg/srv/_package_msgs.lisp
Symlinking /home/user/exchange/ARI_ws/devel/share/common-lisp/ros/ari_pkg/srv/msgs.lisp
Symlinking /home/user/exchange/ARI_ws/devel/share/roseus/ros/ari_pkg/manifest.l
Symlinking /home/user/exchange/ARI_ws/devel/share/roseus/ros/ari_pkg/srv/msgs.l
Symlinking /home/user/exchange/ARI_ws/devel/lib/python2.7/dist-packages/ari_pkg/__init__.py
Symlinking /home/user/exchange/ARI_ws/devel/lib/python2.7/dist-packages/ari_pkg/srv/_msgs.py
Symlinking /home/user/exchange/ARI_ws/devel/lib/python2.7/dist-packages/ari_pkg/srv/__init__.py
Linked: (/home/user/exchange/ARI_ws/devel/.private/ari_pkg/lib/pkgconfig/ari_pkg.pc, /home/user/exchange/ARI_ws/devel/lib/pkgconfig/ari_pkg.pc)
Symlinking /home/user/exchange/ARI_ws/devel/include/ari_pkg/msgsResponse.h
Symlinking /home/user/exchange/ARI_ws/devel/include/ari_pkg/msgsRequest.h
Symlinking /home/user/exchange/ARI_ws/devel/include/ari_pkg/msgs.h
