[  0%] Built target geometry_msgs_generate_messages_py
[  0%] Built target geometry_msgs_generate_messages_lisp
[  0%] Built target std_msgs_generate_messages_lisp
[  0%] Built target std_msgs_generate_messages_py
[  0%] Built target std_msgs_generate_messages_nodejs
[  0%] Built target geometry_msgs_generate_messages_eus
[  0%] Built target geometry_msgs_generate_messages_nodejs
[  0%] Built target geometry_msgs_generate_messages_cpp
[  0%] Built target std_msgs_generate_messages_eus
[  0%] Built target std_msgs_generate_messages_cpp
[  0%] Built target _ari_pkg_generate_messages_check_deps_msgPOI
[  0%] Built target _ari_pkg_generate_messages_check_deps_msgs
[  0%] Built target _ari_pkg_generate_messages_check_deps_wavs_msg
[  5%] [34m[1mGenerating Lisp code from ari_pkg/msgPOI.srv[0m
[ 23%] [34m[1mGenerating C++ code from ari_pkg/msgPOI.srv[0m
[ 23%] [34m[1mGenerating Python code from SRV ari_pkg/msgPOI[0m
[ 23%] [34m[1mGenerating Javascript code from ari_pkg/msgPOI.srv[0m
[ 29%] [34m[1mGenerating EusLisp code from ari_pkg/msgPOI.srv[0m
[ 52%] Built target ari_pkg_generate_messages_lisp
[ 52%] Built target ari_pkg_generate_messages_nodejs
[ 58%] [34m[1mGenerating Python srv __init__.py for ari_pkg[0m
[ 76%] Built target ari_pkg_generate_messages_eus
[ 88%] Built target ari_pkg_generate_messages_py
[100%] Built target ari_pkg_generate_messages_cpp
[100%] Built target ari_pkg_generate_messages
