Performing C SOURCE FILE Test CMAKE_HAVE_LIBC_PTHREAD failed with the following output:
Change Dir: /home/user/exchange/aruco_ws/build/detection/CMakeFiles/CMakeTmp

Run Build Command(s):/usr/bin/make cmTC_a1c26/fast && /usr/bin/make  -f CMakeFiles/cmTC_a1c26.dir/build.make CMakeFiles/cmTC_a1c26.dir/build
make[1]: Entering directory '/home/user/exchange/aruco_ws/build/detection/CMakeFiles/CMakeTmp'
Building C object CMakeFiles/cmTC_a1c26.dir/src.c.o
/usr/bin/cc -DCMAKE_HAVE_LIBC_PTHREAD   -o CMakeFiles/cmTC_a1c26.dir/src.c.o -c /home/user/exchange/aruco_ws/build/detection/CMakeFiles/CMakeTmp/src.c
Linking C executable cmTC_a1c26
/usr/bin/cmake -E cmake_link_script CMakeFiles/cmTC_a1c26.dir/link.txt --verbose=1
/usr/bin/cc -rdynamic CMakeFiles/cmTC_a1c26.dir/src.c.o -o cmTC_a1c26 
CMakeFiles/cmTC_a1c26.dir/src.c.o: In function `main':
src.c:(.text+0x3e): undefined reference to `pthread_create'
src.c:(.text+0x4a): undefined reference to `pthread_detach'
src.c:(.text+0x56): undefined reference to `pthread_cancel'
src.c:(.text+0x67): undefined reference to `pthread_join'
src.c:(.text+0x7b): undefined reference to `pthread_atfork'
collect2: error: ld returned 1 exit status
CMakeFiles/cmTC_a1c26.dir/build.make:105: recipe for target 'cmTC_a1c26' failed
make[1]: *** [cmTC_a1c26] Error 1
make[1]: Leaving directory '/home/user/exchange/aruco_ws/build/detection/CMakeFiles/CMakeTmp'
Makefile:140: recipe for target 'cmTC_a1c26/fast' failed
make: *** [cmTC_a1c26/fast] Error 2


Source file was:
#include <pthread.h>

static void* test_func(void* data)
{
  return data;
}

int main(void)
{
  pthread_t thread;
  pthread_create(&thread, NULL, test_func, NULL);
  pthread_detach(thread);
  pthread_cancel(thread);
  pthread_join(thread, NULL);
  pthread_atfork(NULL, NULL, NULL);
  pthread_exit(NULL);

  return 0;
}

Determining if the function pthread_create exists in the pthreads failed with the following output:
Change Dir: /home/user/exchange/aruco_ws/build/detection/CMakeFiles/CMakeTmp

Run Build Command(s):/usr/bin/make cmTC_6d9de/fast && /usr/bin/make  -f CMakeFiles/cmTC_6d9de.dir/build.make CMakeFiles/cmTC_6d9de.dir/build
make[1]: Entering directory '/home/user/exchange/aruco_ws/build/detection/CMakeFiles/CMakeTmp'
Building C object CMakeFiles/cmTC_6d9de.dir/CheckFunctionExists.c.o
/usr/bin/cc   -DCHECK_FUNCTION_EXISTS=pthread_create -o CMakeFiles/cmTC_6d9de.dir/CheckFunctionExists.c.o -c /usr/share/cmake-3.19/Modules/CheckFunctionExists.c
Linking C executable cmTC_6d9de
/usr/bin/cmake -E cmake_link_script CMakeFiles/cmTC_6d9de.dir/link.txt --verbose=1
/usr/bin/cc  -DCHECK_FUNCTION_EXISTS=pthread_create -rdynamic CMakeFiles/cmTC_6d9de.dir/CheckFunctionExists.c.o -o cmTC_6d9de  -lpthreads 
/usr/bin/ld: cannot find -lpthreads
collect2: error: ld returned 1 exit status
CMakeFiles/cmTC_6d9de.dir/build.make:105: recipe for target 'cmTC_6d9de' failed
make[1]: *** [cmTC_6d9de] Error 1
make[1]: Leaving directory '/home/user/exchange/aruco_ws/build/detection/CMakeFiles/CMakeTmp'
Makefile:140: recipe for target 'cmTC_6d9de/fast' failed
make: *** [cmTC_6d9de/fast] Error 2



