[36m--[0m Using CATKIN_DEVEL_PREFIX: /home/user/exchange/aruco_ws/devel/.private/detection
[36m--[0m Using CMAKE_PREFIX_PATH: /home/user/exchange/aruco_ws/devel;/opt/ros/melodic
[36m--[0m This workspace overlays: /home/user/exchange/aruco_ws/devel;/opt/ros/melodic
[36m--[0m Found PythonInterp: /usr/bin/python2 (found suitable version "2.7.17", minimum required is "2")
[36m--[0m Using PYTHON_EXECUTABLE: /usr/bin/python2
[36m--[0m Using Debian Python package layout
[36m--[0m Using empy: /usr/bin/empy
[36m--[0m Using CATKIN_ENABLE_TESTING: ON
[36m--[0m Call enable_testing()
[36m--[0m Using CATKIN_TEST_RESULTS_DIR: /home/user/exchange/aruco_ws/build/detection/test_results
[36m--[0m Found gtest sources under '/usr/src/googletest': gtests will be built
[36m--[0m Found gmock sources under '/usr/src/googletest': gmock will be built
CMake Deprecation Warning at /usr/src/googletest/CMakeLists.txt:1 (cmake_minimum_required):
  Compatibility with CMake < 2.8.12 will be removed from a future version of
  CMake.

  Update the VERSION argument <min> value or use a ...<max> suffix to tell
  CMake that the project does not need compatibility with older versions.


CMake Deprecation Warning at /usr/src/googletest/googlemock/CMakeLists.txt:41 (cmake_minimum_required):
  Compatibility with CMake < 2.8.12 will be removed from a future version of
  CMake.

  Update the VERSION argument <min> value or use a ...<max> suffix to tell
  CMake that the project does not need compatibility with older versions.


CMake Deprecation Warning at /usr/src/googletest/googletest/CMakeLists.txt:48 (cmake_minimum_required):
  Compatibility with CMake < 2.8.12 will be removed from a future version of
  CMake.

  Update the VERSION argument <min> value or use a ...<max> suffix to tell
  CMake that the project does not need compatibility with older versions.


[36m--[0m Found PythonInterp: /usr/bin/python2 (found version "2.7.17")
[36m--[0m Using Python nosetests: /usr/bin/nosetests-2.7
[36m--[0m catkin 0.7.29
[36m--[0m BUILD_SHARED_LIBS is on
[31m[1mCMake Error[0m at /opt/ros/melodic/share/catkin/cmake/catkin_install_python.cmake:68 (message):
  catkin_install_python() called with non-existing file
  '/home/user/exchange/aruco_ws/src/detection/src/camera_data'.
[36mCall Stack (most recent call first):[0m
  CMakeLists.txt:211 (catkin_install_python)


[36m--[0m Configuring incomplete, errors occurred!
See also "/home/user/exchange/aruco_ws/build/detection/CMakeFiles/CMakeOutput.log".
See also "/home/user/exchange/aruco_ws/build/detection/CMakeFiles/CMakeError.log".
Makefile:689: recipe for target 'cmake_check_build_system' failed
make: *** [cmake_check_build_system] Error 1
