CMake Deprecation Warning at /usr/src/googletest/CMakeLists.txt:1 (cmake_minimum_required):
  Compatibility with CMake < 2.8.12 will be removed from a future version of
  CMake.

  Update the VERSION argument <min> value or use a ...<max> suffix to tell
  CMake that the project does not need compatibility with older versions.


CMake Deprecation Warning at /usr/src/googletest/googlemock/CMakeLists.txt:41 (cmake_minimum_required):
  Compatibility with CMake < 2.8.12 will be removed from a future version of
  CMake.

  Update the VERSION argument <min> value or use a ...<max> suffix to tell
  CMake that the project does not need compatibility with older versions.


CMake Deprecation Warning at /usr/src/googletest/googletest/CMakeLists.txt:48 (cmake_minimum_required):
  Compatibility with CMake < 2.8.12 will be removed from a future version of
  CMake.

  Update the VERSION argument <min> value or use a ...<max> suffix to tell
  CMake that the project does not need compatibility with older versions.


[31m[1mCMake Error[0m at /opt/ros/melodic/share/catkin/cmake/catkin_install_python.cmake:68 (message):
  catkin_install_python() called with non-existing file
  '/home/user/exchange/aruco_ws/src/detection/detection'.
[36mCall Stack (most recent call first):[0m
  CMakeLists.txt:211 (catkin_install_python)


make: *** [cmake_check_build_system] Error 1
